2022-06-23 10:12:59,766 INFO org.springframework.boot.StartupInfoLogger [main] Starting NixArenaWebApplication using Java 17.0.2 on DESKTOP-ENE90SN with PID 11116 (C:\Users\Stagiaire\Programmation\NixArena\target\classes started by Stagiaire in C:\Users\Stagiaire\Programmation\NixArena)
2022-06-23 10:12:59,773 DEBUG org.springframework.boot.StartupInfoLogger [main] Running with Spring Boot v2.6.2, Spring v5.3.14
2022-06-23 10:12:59,774 INFO org.springframework.boot.SpringApplication [main] No active profile set, falling back to default profiles: default
2022-06-23 10:13:01,057 INFO org.springframework.data.repository.config.RepositoryConfigurationDelegate [main] Bootstrapping Spring Data JPA repositories in DEFAULT mode.
2022-06-23 10:13:01,170 INFO org.springframework.data.repository.config.RepositoryConfigurationDelegate [main] Finished Spring Data repository scanning in 94 ms. Found 4 JPA repository interfaces.
2022-06-23 10:13:02,296 INFO org.springframework.boot.web.embedded.tomcat.TomcatWebServer [main] Tomcat initialized with port(s): 8080 (http)
2022-06-23 10:13:02,314 INFO org.apache.juli.logging.DirectJDKLog [main] Initializing ProtocolHandler ["http-nio-8080"]
2022-06-23 10:13:02,315 INFO org.apache.juli.logging.DirectJDKLog [main] Starting service [Tomcat]
2022-06-23 10:13:02,316 INFO org.apache.juli.logging.DirectJDKLog [main] Starting Servlet engine: [Apache Tomcat/9.0.58]
2022-06-23 10:13:02,462 INFO org.apache.juli.logging.DirectJDKLog [main] Initializing Spring embedded WebApplicationContext
2022-06-23 10:13:02,462 INFO org.springframework.boot.web.servlet.context.ServletWebServerApplicationContext [main] Root WebApplicationContext: initialization completed in 2616 ms
2022-06-23 10:13:02,791 INFO com.zaxxer.hikari.HikariDataSource [main] HikariPool-1 - Starting...
2022-06-23 10:13:02,951 INFO com.zaxxer.hikari.HikariDataSource [main] HikariPool-1 - Start completed.
2022-06-23 10:13:03,062 INFO org.hibernate.jpa.internal.util.LogHelper [main] HHH000204: Processing PersistenceUnitInfo [name: default]
2022-06-23 10:13:03,168 INFO org.hibernate.Version [main] HHH000412: Hibernate ORM core version 5.6.3.Final
2022-06-23 10:13:03,464 INFO org.hibernate.annotations.common.reflection.java.JavaReflectionManager [main] HCANN000001: Hibernate Commons Annotations {5.1.2.Final}
2022-06-23 10:13:03,662 INFO org.hibernate.dialect.Dialect [main] HHH000400: Using dialect: org.hibernate.dialect.MariaDB106Dialect
2022-06-23 10:13:04,793 INFO org.hibernate.engine.transaction.jta.platform.internal.JtaPlatformInitiator [main] HHH000490: Using JtaPlatform implementation: [org.hibernate.engine.transaction.jta.platform.internal.NoJtaPlatform]
2022-06-23 10:13:04,812 INFO org.springframework.orm.jpa.AbstractEntityManagerFactoryBean [main] Initialized JPA EntityManagerFactory for persistence unit 'default'
2022-06-23 10:13:06,008 INFO org.springframework.boot.autoconfigure.security.servlet.UserDetailsServiceAutoConfiguration [main] 

Using generated security password: 3ac1daca-cf01-46f9-b97d-e41a904f9c7c

2022-06-23 10:13:06,166 INFO org.springframework.security.web.DefaultSecurityFilterChain [main] Will secure any request with [org.springframework.security.web.context.request.async.WebAsyncManagerIntegrationFilter@1dac0784, org.springframework.security.web.context.SecurityContextPersistenceFilter@48bab2c6, org.springframework.security.web.header.HeaderWriterFilter@3b50f432, org.springframework.security.web.authentication.logout.LogoutFilter@3966c679, org.springframework.security.web.savedrequest.RequestCacheAwareFilter@4b20aa21, org.springframework.security.web.servletapi.SecurityContextHolderAwareRequestFilter@5cc669d, org.springframework.security.web.authentication.AnonymousAuthenticationFilter@3703a400, org.springframework.security.web.session.SessionManagementFilter@66a8ff6d, org.springframework.security.web.access.ExceptionTranslationFilter@61fa3583]
2022-06-23 10:13:06,594 INFO org.springframework.boot.autoconfigure.web.servlet.WelcomePageHandlerMapping [main] Adding welcome page: class path resource [static/index.html]
2022-06-23 10:13:06,793 INFO org.apache.juli.logging.DirectJDKLog [main] Starting ProtocolHandler ["http-nio-8080"]
2022-06-23 10:13:06,896 INFO org.springframework.boot.web.embedded.tomcat.TomcatWebServer [main] Tomcat started on port(s): 8080 (http) with context path ''
2022-06-23 10:13:06,922 INFO org.springframework.boot.StartupInfoLogger [main] Started NixArenaWebApplication in 7.863 seconds (JVM running for 10.692)
2022-06-23 10:13:22,020 INFO org.apache.juli.logging.DirectJDKLog [http-nio-8080-exec-1] Initializing Spring DispatcherServlet 'dispatcherServlet'
2022-06-23 10:13:22,021 INFO org.springframework.web.servlet.FrameworkServlet [http-nio-8080-exec-1] Initializing Servlet 'dispatcherServlet'
2022-06-23 10:13:22,023 INFO org.springframework.web.servlet.FrameworkServlet [http-nio-8080-exec-1] Completed initialization in 1 ms
2022-06-23 11:06:49,092 INFO org.springframework.orm.jpa.AbstractEntityManagerFactoryBean [SpringApplicationShutdownHook] Closing JPA EntityManagerFactory for persistence unit 'default'
2022-06-23 11:06:49,242 INFO com.zaxxer.hikari.HikariDataSource [SpringApplicationShutdownHook] HikariPool-1 - Shutdown initiated...
2022-06-23 11:06:49,331 INFO com.zaxxer.hikari.HikariDataSource [SpringApplicationShutdownHook] HikariPool-1 - Shutdown completed.
